{"name": "test_products_group", "status": "broken", "statusDetails": {"message": "selenium.common.exceptions.ElementClickInterceptedException: Message: element click intercepted: Element <a href=\"https://testqastudio.me?products_group=sale\" class=\"tab-sale \">...</a> is not clickable at point (909, 748). Other element would receive the click: <div class=\"catalog-toolbar-tabs__content\">...</div>\n  (Session info: chrome=122.0.6261.94)\nStacktrace:\n0   chromedriver                        0x0000000104d1c53c chromedriver + 3966268\n1   chromedriver                        0x0000000104d14ac8 chromedriver + 3934920\n2   chromedriver                        0x0000000104997da0 chromedriver + 277920\n3   chromedriver                        0x00000001049dfe68 chromedriver + 573032\n4   chromedriver                        0x00000001049de3ec chromedriver + 566252\n5   chromedriver                        0x00000001049dc56c chromedriver + 558444\n6   chromedriver                        0x00000001049dba9c chromedriver + 555676\n7   chromedriver                        0x00000001049d0e84 chromedriver + 511620\n8   chromedriver                        0x00000001049d08a8 chromedriver + 510120\n9   chromedriver                        0x0000000104a12bf0 chromedriver + 781296\n10  chromedriver                        0x00000001049cefb0 chromedriver + 503728\n11  chromedriver                        0x00000001049cfa28 chromedriver + 506408\n12  chromedriver                        0x0000000104ce1724 chromedriver + 3725092\n13  chromedriver                        0x0000000104ce5c18 chromedriver + 3742744\n14  chromedriver                        0x0000000104cca20c chromedriver + 3629580\n15  chromedriver                        0x0000000104ce6714 chromedriver + 3745556\n16  chromedriver                        0x0000000104cbd584 chromedriver + 3577220\n17  chromedriver                        0x0000000104d04f74 chromedriver + 3870580\n18  chromedriver                        0x0000000104d05118 chromedriver + 3871000\n19  chromedriver                        0x0000000104d14738 chromedriver + 3934008\n20  libsystem_pthread.dylib             0x000000018664a06c _pthread_start + 148\n21  libsystem_pthread.dylib             0x0000000186644e2c thread_start + 8", "trace": "tests/test_shop.py:48: in test_products_group\n    ???\n        browser    = <selenium.webdriver.chrome.webdriver.WebDriver (session=\"b4ecb1a7c2eef765ca60334c120a6cd9\")>\n        element    = <selenium.webdriver.remote.webelement.WebElement (session=\"b4ecb1a7c2eef765ca60334c120a6cd9\", element=\"f.7C170A90A31581068D06B696FDFDFE86.d.F870E5F2120398046E327D7B14B77FE9.e.161\")>\n        elements   = [<selenium.webdriver.remote.webelement.WebElement (session=\"b4ecb1a7c2eef765ca60334c120a6cd9\", element=\"f.7C170A90A315...cb1a7c2eef765ca60334c120a6cd9\", element=\"f.7C170A90A31581068D06B696FDFDFE86.d.0AD76220E5B22F412977EDD0080FB579.e.78\")>]\n        expected_menu = [('Все', '', \"[class='tab-all active']\"), ('Бестселлеры', '/?products_group=best_sellers', \"[class='tab-best_sellers '... '/?products_group=new', \"[class='tab-new ']\"), ('Распродажа товаров', '/?products_group=sale', \"[class='tab-sale ']\")]\n        item       = ('Распродажа товаров', '/?products_group=sale', \"[class='tab-sale ']\")\n        menu_element = \"[class='catalog-toolbar-tabs__content'] a\"\n/Library/Frameworks/Python.framework/Versions/3.9/lib/python3.9/site-packages/selenium/webdriver/remote/webelement.py:94: in click\n    self._execute(Command.CLICK_ELEMENT)\n        self       = <selenium.webdriver.remote.webelement.WebElement (session=\"b4ecb1a7c2eef765ca60334c120a6cd9\", element=\"f.7C170A90A31581068D06B696FDFDFE86.d.F870E5F2120398046E327D7B14B77FE9.e.161\")>\n/Library/Frameworks/Python.framework/Versions/3.9/lib/python3.9/site-packages/selenium/webdriver/remote/webelement.py:395: in _execute\n    return self._parent.execute(command, params)\n        command    = 'clickElement'\n        params     = {'id': 'f.7C170A90A31581068D06B696FDFDFE86.d.F870E5F2120398046E327D7B14B77FE9.e.161'}\n        self       = <selenium.webdriver.remote.webelement.WebElement (session=\"b4ecb1a7c2eef765ca60334c120a6cd9\", element=\"f.7C170A90A31581068D06B696FDFDFE86.d.F870E5F2120398046E327D7B14B77FE9.e.161\")>\n/Library/Frameworks/Python.framework/Versions/3.9/lib/python3.9/site-packages/selenium/webdriver/remote/webdriver.py:347: in execute\n    self.error_handler.check_response(response)\n        driver_command = 'clickElement'\n        params     = {}\n        response   = {'status': 400, 'value': '{\"value\":{\"error\":\"element click intercepted\",\"message\":\"element click intercepted: Element ...00018664a06c _pthread_start + 148\\\\n21  libsystem_pthread.dylib             0x0000000186644e2c thread_start + 8\\\\n\"}}'}\n        self       = <selenium.webdriver.chrome.webdriver.WebDriver (session=\"b4ecb1a7c2eef765ca60334c120a6cd9\")>\n/Library/Frameworks/Python.framework/Versions/3.9/lib/python3.9/site-packages/selenium/webdriver/remote/errorhandler.py:229: in check_response\n    raise exception_class(message, screen, stacktrace)\nE   selenium.common.exceptions.ElementClickInterceptedException: Message: element click intercepted: Element <a href=\"https://testqastudio.me?products_group=sale\" class=\"tab-sale \">...</a> is not clickable at point (909, 748). Other element would receive the click: <div class=\"catalog-toolbar-tabs__content\">...</div>\nE     (Session info: chrome=122.0.6261.94)\nE   Stacktrace:\nE   0   chromedriver                        0x0000000104d1c53c chromedriver + 3966268\nE   1   chromedriver                        0x0000000104d14ac8 chromedriver + 3934920\nE   2   chromedriver                        0x0000000104997da0 chromedriver + 277920\nE   3   chromedriver                        0x00000001049dfe68 chromedriver + 573032\nE   4   chromedriver                        0x00000001049de3ec chromedriver + 566252\nE   5   chromedriver                        0x00000001049dc56c chromedriver + 558444\nE   6   chromedriver                        0x00000001049dba9c chromedriver + 555676\nE   7   chromedriver                        0x00000001049d0e84 chromedriver + 511620\nE   8   chromedriver                        0x00000001049d08a8 chromedriver + 510120\nE   9   chromedriver                        0x0000000104a12bf0 chromedriver + 781296\nE   10  chromedriver                        0x00000001049cefb0 chromedriver + 503728\nE   11  chromedriver                        0x00000001049cfa28 chromedriver + 506408\nE   12  chromedriver                        0x0000000104ce1724 chromedriver + 3725092\nE   13  chromedriver                        0x0000000104ce5c18 chromedriver + 3742744\nE   14  chromedriver                        0x0000000104cca20c chromedriver + 3629580\nE   15  chromedriver                        0x0000000104ce6714 chromedriver + 3745556\nE   16  chromedriver                        0x0000000104cbd584 chromedriver + 3577220\nE   17  chromedriver                        0x0000000104d04f74 chromedriver + 3870580\nE   18  chromedriver                        0x0000000104d05118 chromedriver + 3871000\nE   19  chromedriver                        0x0000000104d14738 chromedriver + 3934008\nE   20  libsystem_pthread.dylib             0x000000018664a06c _pthread_start + 148\nE   21  libsystem_pthread.dylib             0x0000000186644e2c thread_start + 8\n        e          = <selenium.webdriver.remote.errorhandler.ErrorCode object at 0x7f96d0e60bb0>\n        error_code = 'ELEMENT_CLICK_INTERCEPTED'\n        error_codes = ['ELEMENT_CLICK_INTERCEPTED', 'ELEMENT_IS_NOT_SELECTABLE', 'ELEMENT_NOT_INTERACTABLE', 'ELEMENT_NOT_VISIBLE', 'IME_ENGINE_ACTIVATION_FAILED', 'IME_NOT_AVAILABLE', ...]\n        error_info = [64, 'element click intercepted']\n        exception_class = <class 'selenium.common.exceptions.ElementClickInterceptedException'>\n        json       = <module 'json' from '/Library/Frameworks/Python.framework/Versions/3.9/lib/python3.9/json/__init__.py'>\n        message    = 'element click intercepted: Element <a href=\"https://testqastudio.me?products_group=sale\" class=\"tab-sale \">...</a> is... would receive the click: <div class=\"catalog-toolbar-tabs__content\">...</div>\\n  (Session info: chrome=122.0.6261.94)'\n        response   = {'status': 400, 'value': '{\"value\":{\"error\":\"element click intercepted\",\"message\":\"element click intercepted: Element ...00018664a06c _pthread_start + 148\\\\n21  libsystem_pthread.dylib             0x0000000186644e2c thread_start + 8\\\\n\"}}'}\n        screen     = None\n        self       = <selenium.webdriver.remote.errorhandler.ErrorHandler object at 0x7f96d0e2d6a0>\n        st_value   = '0   chromedriver                        0x0000000104d1c53c chromedriver + 3966268\\n1   chromedriver                  ...0x000000018664a06c _pthread_start + 148\\n21  libsystem_pthread.dylib             0x0000000186644e2c thread_start + 8\\n'\n        stacktrace = ['0   chromedriver                        0x0000000104d1c53c chromedriver + 3966268', '1   chromedriver               ...9de3ec chromedriver + 566252', '5   chromedriver                        0x00000001049dc56c chromedriver + 558444', ...]\n        status     = 'element click intercepted'\n        value      = {'error': 'element click intercepted', 'message': 'element click intercepted: Element <a href=\"https://testqastudio.me...x000000018664a06c _pthread_start + 148\\n21  libsystem_pthread.dylib             0x0000000186644e2c thread_start + 8\\n'}\n        value_json = '{\"value\":{\"error\":\"element click intercepted\",\"message\":\"element click intercepted: Element \\\\u003Ca href=\\\\\"https://...000018664a06c _pthread_start + 148\\\\n21  libsystem_pthread.dylib             0x0000000186644e2c thread_start + 8\\\\n\"}}'"}, "description": "\n    Test case TC-2\n    ", "start": 1709411236726, "stop": 1709411259848, "uuid": "cab9d666-280c-4696-869e-2f33f47f19db", "historyId": "661b4d561aa9283d092c863c736f17f8", "testCaseId": "661b4d561aa9283d092c863c736f17f8", "fullName": "test_shop#test_products_group", "labels": [{"name": "suite", "value": "test_shop"}, {"name": "host", "value": "Air-Anna.home"}, {"name": "thread", "value": "50477-MainThread"}, {"name": "framework", "value": "pytest"}, {"name": "language", "value": "cpython3"}, {"name": "package", "value": "test_shop"}]}