{"name": "test_products_group", "status": "skipped", "statusDetails": {"message": "XFAIL Wait for fix bug\n\nselenium.common.exceptions.ElementClickInterceptedException: Message: element click intercepted: Element <a href=\"https://testqastudio.me?products_group=sale\" class=\"tab-sale \">...</a> is not clickable at point (909, 748). Other element would receive the click: <div class=\"catalog-toolbar-tabs__content\">...</div>\n  (Session info: chrome=122.0.6261.94)\nStacktrace:\n0   chromedriver                        0x0000000100e2853c chromedriver + 3966268\n1   chromedriver                        0x0000000100e20ac8 chromedriver + 3934920\n2   chromedriver                        0x0000000100aa3da0 chromedriver + 277920\n3   chromedriver                        0x0000000100aebe68 chromedriver + 573032\n4   chromedriver                        0x0000000100aea3ec chromedriver + 566252\n5   chromedriver                        0x0000000100ae856c chromedriver + 558444\n6   chromedriver                        0x0000000100ae7a9c chromedriver + 555676\n7   chromedriver                        0x0000000100adce84 chromedriver + 511620\n8   chromedriver                        0x0000000100adc8a8 chromedriver + 510120\n9   chromedriver                        0x0000000100b1ebf0 chromedriver + 781296\n10  chromedriver                        0x0000000100adafb0 chromedriver + 503728\n11  chromedriver                        0x0000000100adba28 chromedriver + 506408\n12  chromedriver                        0x0000000100ded724 chromedriver + 3725092\n13  chromedriver                        0x0000000100df1c18 chromedriver + 3742744\n14  chromedriver                        0x0000000100dd620c chromedriver + 3629580\n15  chromedriver                        0x0000000100df2714 chromedriver + 3745556\n16  chromedriver                        0x0000000100dc9584 chromedriver + 3577220\n17  chromedriver                        0x0000000100e10f74 chromedriver + 3870580\n18  chromedriver                        0x0000000100e11118 chromedriver + 3871000\n19  chromedriver                        0x0000000100e20738 chromedriver + 3934008\n20  libsystem_pthread.dylib             0x000000018664a06c _pthread_start + 148\n21  libsystem_pthread.dylib             0x0000000186644e2c thread_start + 8", "trace": "tests/test_shop.py:48: in test_products_group\n    element.click()\n        browser    = <selenium.webdriver.chrome.webdriver.WebDriver (session=\"1819c53b39b7e36d0a45fc30aa5eb1c8\")>\n        element    = <selenium.webdriver.remote.webelement.WebElement (session=\"1819c53b39b7e36d0a45fc30aa5eb1c8\", element=\"f.ADC67A1D78B796995632E382FFD3C445.d.8182957C295C2DEA7864F56E62E60B4B.e.137\")>\n        elements   = [<selenium.webdriver.remote.webelement.WebElement (session=\"1819c53b39b7e36d0a45fc30aa5eb1c8\", element=\"f.ADC67A1D78B7...9c53b39b7e36d0a45fc30aa5eb1c8\", element=\"f.ADC67A1D78B796995632E382FFD3C445.d.611A5FF12884CE5DA0CC172839E2C68D.e.82\")>]\n        expected_menu = [('Все', '', \"[class='tab-all active']\"), ('Бестселлеры', '/?products_group=best_sellers', \"[class='tab-best_sellers '... '/?products_group=new', \"[class='tab-new ']\"), ('Распродажа товаров', '/?products_group=sale', \"[class='tab-sale ']\")]\n        item       = ('Распродажа товаров', '/?products_group=sale', \"[class='tab-sale ']\")\n        menu_element = \"[class='catalog-toolbar-tabs__content'] a\"\n/Library/Frameworks/Python.framework/Versions/3.9/lib/python3.9/site-packages/selenium/webdriver/remote/webelement.py:94: in click\n    self._execute(Command.CLICK_ELEMENT)\n        self       = <selenium.webdriver.remote.webelement.WebElement (session=\"1819c53b39b7e36d0a45fc30aa5eb1c8\", element=\"f.ADC67A1D78B796995632E382FFD3C445.d.8182957C295C2DEA7864F56E62E60B4B.e.137\")>\n/Library/Frameworks/Python.framework/Versions/3.9/lib/python3.9/site-packages/selenium/webdriver/remote/webelement.py:395: in _execute\n    return self._parent.execute(command, params)\n        command    = 'clickElement'\n        params     = {'id': 'f.ADC67A1D78B796995632E382FFD3C445.d.8182957C295C2DEA7864F56E62E60B4B.e.137'}\n        self       = <selenium.webdriver.remote.webelement.WebElement (session=\"1819c53b39b7e36d0a45fc30aa5eb1c8\", element=\"f.ADC67A1D78B796995632E382FFD3C445.d.8182957C295C2DEA7864F56E62E60B4B.e.137\")>\n/Library/Frameworks/Python.framework/Versions/3.9/lib/python3.9/site-packages/selenium/webdriver/remote/webdriver.py:347: in execute\n    self.error_handler.check_response(response)\n        driver_command = 'clickElement'\n        params     = {}\n        response   = {'status': 400, 'value': '{\"value\":{\"error\":\"element click intercepted\",\"message\":\"element click intercepted: Element ...00018664a06c _pthread_start + 148\\\\n21  libsystem_pthread.dylib             0x0000000186644e2c thread_start + 8\\\\n\"}}'}\n        self       = <selenium.webdriver.chrome.webdriver.WebDriver (session=\"1819c53b39b7e36d0a45fc30aa5eb1c8\")>\n/Library/Frameworks/Python.framework/Versions/3.9/lib/python3.9/site-packages/selenium/webdriver/remote/errorhandler.py:229: in check_response\n    raise exception_class(message, screen, stacktrace)\nE   selenium.common.exceptions.ElementClickInterceptedException: Message: element click intercepted: Element <a href=\"https://testqastudio.me?products_group=sale\" class=\"tab-sale \">...</a> is not clickable at point (909, 748). Other element would receive the click: <div class=\"catalog-toolbar-tabs__content\">...</div>\nE     (Session info: chrome=122.0.6261.94)\nE   Stacktrace:\nE   0   chromedriver                        0x0000000100e2853c chromedriver + 3966268\nE   1   chromedriver                        0x0000000100e20ac8 chromedriver + 3934920\nE   2   chromedriver                        0x0000000100aa3da0 chromedriver + 277920\nE   3   chromedriver                        0x0000000100aebe68 chromedriver + 573032\nE   4   chromedriver                        0x0000000100aea3ec chromedriver + 566252\nE   5   chromedriver                        0x0000000100ae856c chromedriver + 558444\nE   6   chromedriver                        0x0000000100ae7a9c chromedriver + 555676\nE   7   chromedriver                        0x0000000100adce84 chromedriver + 511620\nE   8   chromedriver                        0x0000000100adc8a8 chromedriver + 510120\nE   9   chromedriver                        0x0000000100b1ebf0 chromedriver + 781296\nE   10  chromedriver                        0x0000000100adafb0 chromedriver + 503728\nE   11  chromedriver                        0x0000000100adba28 chromedriver + 506408\nE   12  chromedriver                        0x0000000100ded724 chromedriver + 3725092\nE   13  chromedriver                        0x0000000100df1c18 chromedriver + 3742744\nE   14  chromedriver                        0x0000000100dd620c chromedriver + 3629580\nE   15  chromedriver                        0x0000000100df2714 chromedriver + 3745556\nE   16  chromedriver                        0x0000000100dc9584 chromedriver + 3577220\nE   17  chromedriver                        0x0000000100e10f74 chromedriver + 3870580\nE   18  chromedriver                        0x0000000100e11118 chromedriver + 3871000\nE   19  chromedriver                        0x0000000100e20738 chromedriver + 3934008\nE   20  libsystem_pthread.dylib             0x000000018664a06c _pthread_start + 148\nE   21  libsystem_pthread.dylib             0x0000000186644e2c thread_start + 8\n        e          = <selenium.webdriver.remote.errorhandler.ErrorCode object at 0x7fd5d8f079a0>\n        error_code = 'ELEMENT_CLICK_INTERCEPTED'\n        error_codes = ['ELEMENT_CLICK_INTERCEPTED', 'ELEMENT_IS_NOT_SELECTABLE', 'ELEMENT_NOT_INTERACTABLE', 'ELEMENT_NOT_VISIBLE', 'IME_ENGINE_ACTIVATION_FAILED', 'IME_NOT_AVAILABLE', ...]\n        error_info = [64, 'element click intercepted']\n        exception_class = <class 'selenium.common.exceptions.ElementClickInterceptedException'>\n        json       = <module 'json' from '/Library/Frameworks/Python.framework/Versions/3.9/lib/python3.9/json/__init__.py'>\n        message    = 'element click intercepted: Element <a href=\"https://testqastudio.me?products_group=sale\" class=\"tab-sale \">...</a> is... would receive the click: <div class=\"catalog-toolbar-tabs__content\">...</div>\\n  (Session info: chrome=122.0.6261.94)'\n        response   = {'status': 400, 'value': '{\"value\":{\"error\":\"element click intercepted\",\"message\":\"element click intercepted: Element ...00018664a06c _pthread_start + 148\\\\n21  libsystem_pthread.dylib             0x0000000186644e2c thread_start + 8\\\\n\"}}'}\n        screen     = None\n        self       = <selenium.webdriver.remote.errorhandler.ErrorHandler object at 0x7fd5d8efaeb0>\n        st_value   = '0   chromedriver                        0x0000000100e2853c chromedriver + 3966268\\n1   chromedriver                  ...0x000000018664a06c _pthread_start + 148\\n21  libsystem_pthread.dylib             0x0000000186644e2c thread_start + 8\\n'\n        stacktrace = ['0   chromedriver                        0x0000000100e2853c chromedriver + 3966268', '1   chromedriver               ...aea3ec chromedriver + 566252', '5   chromedriver                        0x0000000100ae856c chromedriver + 558444', ...]\n        status     = 'element click intercepted'\n        value      = {'error': 'element click intercepted', 'message': 'element click intercepted: Element <a href=\"https://testqastudio.me...x000000018664a06c _pthread_start + 148\\n21  libsystem_pthread.dylib             0x0000000186644e2c thread_start + 8\\n'}\n        value_json = '{\"value\":{\"error\":\"element click intercepted\",\"message\":\"element click intercepted: Element \\\\u003Ca href=\\\\\"https://...000018664a06c _pthread_start + 148\\\\n21  libsystem_pthread.dylib             0x0000000186644e2c thread_start + 8\\\\n\"}}'"}, "description": "\n    Test case TC-2\n    ", "start": 1709411004532, "stop": 1709411028730, "uuid": "f213622f-105b-4157-89f5-bdf5c473b9ac", "historyId": "661b4d561aa9283d092c863c736f17f8", "testCaseId": "661b4d561aa9283d092c863c736f17f8", "fullName": "test_shop#test_products_group", "labels": [{"name": "tag", "value": "@pytest.mark.xfail(reason='Wait for fix bug')"}, {"name": "suite", "value": "test_shop"}, {"name": "host", "value": "Air-Anna.home"}, {"name": "thread", "value": "50378-MainThread"}, {"name": "framework", "value": "pytest"}, {"name": "language", "value": "cpython3"}, {"name": "package", "value": "test_shop"}]}